<?xml version="1.0" encoding="UTF-8"?>
<testsuite xmlns:xsi="http://www.w3.org/2001/XMLSchema-instance" xsi:noNamespaceSchemaLocation="https://maven.apache.org/surefire/maven-surefire-plugin/xsd/surefire-test-report-3.0.xsd" version="3.0" name="com.example.DontJunkItListIt.DontJunkItListItApplicationTests" time="9.85" tests="1" errors="0" skipped="0" failures="0">
  <properties>
[...]
</properties>
  <testcase name="contextLoads" classname="com.example.DontJunkItListIt.DontJunkItListItApplicationTests" time="0.765">
    <system-out><![CDATA[14:15:42.340 [main] INFO org.springframework.test.context.support.AnnotationConfigContextLoaderUtils -- Could not detect default configuration classes for test class [com.example.DontJunkItListIt.DontJunkItListItApplicationTests]: DontJunkItListItApplicationTests does not declare any static, non-private, non-final, nested classes annotated with @Configuration.
14:15:42.502 [main] INFO org.springframework.boot.test.context.SpringBootTestContextBootstrapper -- Found @SpringBootConfiguration com.example.DontJunkItListIt.DontJunkItListItApplication for test class com.example.DontJunkItListIt.DontJunkItListItApplicationTests

  .   ____          _            __ _ _
 /\\ / ___'_ __ _ _(_)_ __  __ _ \ \ \ \
( ( )\___ | '_ | '_| | '_ \/ _` | \ \ \ \
 \\/  ___)| |_)| | | | | || (_| |  ) ) ) )
  '  |____| .__|_| |_|_| |_\__, | / / / /
 =========|_|==============|___/=/_/_/_/
 :: Spring Boot ::                (v3.1.5)

2023-12-13T14:15:43.269-05:00  INFO 18716 --- [           main] c.e.D.DontJunkItListItApplicationTests   : Starting DontJunkItListItApplicationTests using Java 17.0.8.1 with PID 18716 (started by suman in C:\Users\suman\Documents\DontJunkItListIt\DontJunkItListIt)
2023-12-13T14:15:43.271-05:00  INFO 18716 --- [           main] c.e.D.DontJunkItListItApplicationTests   : No active profile set, falling back to 1 default profile: "default"
2023-12-13T14:15:44.227-05:00  INFO 18716 --- [           main] .s.d.r.c.RepositoryConfigurationDelegate : Multiple Spring Data modules found, entering strict repository configuration mode
2023-12-13T14:15:44.229-05:00  INFO 18716 --- [           main] .s.d.r.c.RepositoryConfigurationDelegate : Bootstrapping Spring Data JDBC repositories in DEFAULT mode.
2023-12-13T14:15:44.271-05:00  INFO 18716 --- [           main] .RepositoryConfigurationExtensionSupport : Spring Data JDBC - Could not safely identify store assignment for repository candidate interface com.example.DontJunkItListIt.dao.CarPartsRepository; If you want this repository to be a JDBC repository, consider annotating your entities with one of these annotations: org.springframework.data.relational.core.mapping.Table.
2023-12-13T14:15:44.274-05:00  INFO 18716 --- [           main] .RepositoryConfigurationExtensionSupport : Spring Data JDBC - Could not safely identify store assignment for repository candidate interface com.example.DontJunkItListIt.image.ImageRepository; If you want this repository to be a JDBC repository, consider annotating your entities with one of these annotations: org.springframework.data.relational.core.mapping.Table.
2023-12-13T14:15:44.275-05:00  INFO 18716 --- [           main] .s.d.r.c.RepositoryConfigurationDelegate : Finished Spring Data repository scanning in 40 ms. Found 0 JDBC repository interfaces.
2023-12-13T14:15:44.289-05:00  INFO 18716 --- [           main] .s.d.r.c.RepositoryConfigurationDelegate : Multiple Spring Data modules found, entering strict repository configuration mode
2023-12-13T14:15:44.291-05:00  INFO 18716 --- [           main] .s.d.r.c.RepositoryConfigurationDelegate : Bootstrapping Spring Data JPA repositories in DEFAULT mode.
2023-12-13T14:15:44.344-05:00  INFO 18716 --- [           main] .s.d.r.c.RepositoryConfigurationDelegate : Finished Spring Data repository scanning in 47 ms. Found 2 JPA repository interfaces.
2023-12-13T14:15:45.276-05:00  INFO 18716 --- [           main] o.hibernate.jpa.internal.util.LogHelper  : HHH000204: Processing PersistenceUnitInfo [name: default]
2023-12-13T14:15:45.389-05:00  INFO 18716 --- [           main] org.hibernate.Version                    : HHH000412: Hibernate ORM core version 6.2.13.Final
2023-12-13T14:15:45.393-05:00  INFO 18716 --- [           main] org.hibernate.cfg.Environment            : HHH000406: Using bytecode reflection optimizer
2023-12-13T14:15:45.903-05:00  INFO 18716 --- [           main] o.s.o.j.p.SpringPersistenceUnitInfo      : No LoadTimeWeaver setup: ignoring JPA class transformer
2023-12-13T14:15:45.942-05:00  INFO 18716 --- [           main] com.zaxxer.hikari.HikariDataSource       : HikariPool-1 - Starting...
2023-12-13T14:15:46.534-05:00  INFO 18716 --- [           main] com.zaxxer.hikari.pool.HikariPool        : HikariPool-1 - Added connection ConnectionID:1 ClientConnectionId: da1a811b-f640-46bb-9152-a9a754d3136f
2023-12-13T14:15:46.537-05:00  INFO 18716 --- [           main] com.zaxxer.hikari.HikariDataSource       : HikariPool-1 - Start completed.
2023-12-13T14:15:46.585-05:00  WARN 18716 --- [           main] org.hibernate.orm.deprecation            : HHH90000025: SQLServerDialect does not need to be specified explicitly using 'hibernate.dialect' (remove the property setting and it will be selected by default)
2023-12-13T14:15:46.807-05:00  WARN 18716 --- [onnection adder] c.m.s.j.internals.SQLServerConnection    : ConnectionID:5 ClientConnectionId: cd6e0e26-e6b5-4daa-bbd1-09dd40b8b647 Prelogin error: host localhost port 1433 Error reading prelogin response: Connection reset ClientConnectionId:cd6e0e26-e6b5-4daa-bbd1-09dd40b8b647
2023-12-13T14:15:46.917-05:00  WARN 18716 --- [onnection adder] c.m.s.j.internals.SQLServerConnection    : ConnectionID:5 ClientConnectionId: 7ef63bb0-d3a5-486a-be75-2cdd2c00d4c2 Prelogin error: host localhost port 1433 Error reading prelogin response: Connection reset ClientConnectionId:7ef63bb0-d3a5-486a-be75-2cdd2c00d4c2
2023-12-13T14:15:47.121-05:00  WARN 18716 --- [onnection adder] c.m.s.j.internals.SQLServerConnection    : ConnectionID:5 ClientConnectionId: 8d83e6c7-e198-40ca-863b-abd2ddd41a66 Prelogin error: host localhost port 1433 Error reading prelogin response: Connection reset ClientConnectionId:8d83e6c7-e198-40ca-863b-abd2ddd41a66
2023-12-13T14:15:47.528-05:00  WARN 18716 --- [onnection adder] c.m.s.j.internals.SQLServerConnection    : ConnectionID:5 ClientConnectionId: 580880c4-219b-43b5-b205-bc9c92f45567 Prelogin error: host localhost port 1433 Error reading prelogin response: Connection reset ClientConnectionId:580880c4-219b-43b5-b205-bc9c92f45567
2023-12-13T14:15:47.910-05:00  INFO 18716 --- [           main] o.h.m.i.EntityInstantiatorPojoStandard   : HHH000182: No default (no-argument) constructor for class: com.example.DontJunkItListIt.entity.Payment (class must be instantiated by Interceptor)
2023-12-13T14:15:48.212-05:00  INFO 18716 --- [           main] o.h.e.t.j.p.i.JtaPlatformInitiator       : HHH000489: No JTA platform available (set 'hibernate.transaction.jta.platform' to enable JTA platform integration)
2023-12-13T14:15:48.347-05:00  WARN 18716 --- [onnection adder] c.m.s.j.internals.SQLServerConnection    : ConnectionID:5 ClientConnectionId: a1499998-7b1c-4c2b-b173-778c947d26e5 Prelogin error: host localhost port 1433 Error reading prelogin response: Connection reset ClientConnectionId:a1499998-7b1c-4c2b-b173-778c947d26e5
2023-12-13T14:15:48.983-05:00  INFO 18716 --- [           main] j.LocalContainerEntityManagerFactoryBean : Initialized JPA EntityManagerFactory for persistence unit 'default'
2023-12-13T14:15:49.352-05:00  WARN 18716 --- [onnection adder] c.m.s.j.internals.SQLServerConnection    : ConnectionID:5 ClientConnectionId: 5d1dc400-1982-4bbd-89be-29a1b7d3dc8a Prelogin error: host localhost port 1433 Error reading prelogin response: Connection reset ClientConnectionId:5d1dc400-1982-4bbd-89be-29a1b7d3dc8a
2023-12-13T14:15:50.093-05:00  WARN 18716 --- [           main] JpaBaseConfiguration$JpaWebConfiguration : spring.jpa.open-in-view is enabled by default. Therefore, database queries may be performed during view rendering. Explicitly configure spring.jpa.open-in-view to disable this warning
2023-12-13T14:15:50.361-05:00  WARN 18716 --- [onnection adder] c.m.s.j.internals.SQLServerConnection    : ConnectionID:5 ClientConnectionId: ae7c5415-0f63-4ed8-b7a6-6d9af9e709ef Prelogin error: host localhost port 1433 Error reading prelogin response: Connection reset ClientConnectionId:ae7c5415-0f63-4ed8-b7a6-6d9af9e709ef
2023-12-13T14:15:50.882-05:00  WARN 18716 --- [           main] o.s.data.convert.CustomConversions       : Registering converter from class microsoft.sql.DateTimeOffset to class java.time.OffsetDateTime as reading converter although it doesn't convert from a store-supported type; You might want to check your annotation setup at the converter implementation
2023-12-13T14:15:51.112-05:00  INFO 18716 --- [           main] c.e.D.DontJunkItListItApplicationTests   : Started DontJunkItListItApplicationTests in 8.392 seconds (process running for 9.948)
2023-12-13T14:15:51.379-05:00  WARN 18716 --- [onnection adder] c.m.s.j.internals.SQLServerConnection    : ConnectionID:5 ClientConnectionId: 196d79d4-b031-4666-8aa9-d9f15fa15ad1 Prelogin error: host localhost port 1433 Error reading prelogin response: Connection reset ClientConnectionId:196d79d4-b031-4666-8aa9-d9f15fa15ad1
]]></system-out>
  </testcase>
</testsuite>